# output generated by /home/midhukrishna/miniconda3/envs/gat_env/bin/gat-run.py --verbose=5 --log=gatnormed_Ac_3dpf_Peak_AllAnnot_allIDR_ChrBgd.tsv.log --segments=Ac_3dpf_ATAC_peaks.collated.allIDR.narrowPeak --annotations=Astatotilapia_calliptera.fAstCal1.2.annot.basic.bed --workspace=Astatotilapia_calliptera.fAstCal1.2.dna.primary_assembly.allLG.and.nonchromosomal.fa.chrom.sizes --counter=segment-overlap --ignore-segment-tracks --qvalue-method=BH --pvalue-method=norm
# job started at Sun Jun 15 00:43:33 2025 on Midhukrishna -- 3d97420d-0ae5-4cb2-8312-ef1fcaa2cb6e
# pid: 1914, system: Linux 5.15.167.4-microsoft-standard-WSL2 #1 SMP Tue Nov 5 00:21:55 UTC 2024 x86_64
# annotation_files                        : ['Astatotilapia_calliptera.fAstCal1.2.annot.basic.bed']
# annotations_label                       : None
# annotations_to_points                   : None
# bucket_size                             : 0
# cache                                   : None
# conditional                             : unconditional
# conditional_expansion                   : None
# conditional_extension                   : None
# counters                                : ['segment-overlap']
# enable_split_tracks                     : False
# ignore_segment_tracks                   : True
# input_filename_counts                   : None
# input_filename_descriptions             : None
# input_filename_results                  : None
# isochore_files                          : None
# loglevel                                : 5
# nbuckets                                : 100000
# null                                    : default
# num_samples                             : 1000
# num_threads                             : 0
# output_bed                              : []
# output_counts_pattern                   : None
# output_filename_pattern                 : %s
# output_force                            : False
# output_order                            : fold
# output_plots_pattern                    : None
# output_samples_pattern                  : None
# output_stats                            : []
# output_tables_pattern                   : %s.tsv.gz
# overlapping_annotations                 : False
# pseudo_count                            : 1.0
# pvalue_method                           : norm
# qvalue_lambda                           : None
# qvalue_method                           : BH
# qvalue_pi0_method                       : smoother
# random_seed                             : None
# restrict_workspace                      : False
# sample_files                            : []
# sampler                                 : annotator
# segment_files                           : ['Ac_3dpf_ATAC_peaks.collated.allIDR.narrowPeak']
# shift_expansion                         : 2.0
# shift_extension                         : 0
# short_help                              : None
# stderr                                  : <_io.TextIOWrapper name='<stderr>' mode='w' encoding='UTF-8'>
# stdin                                   : <_io.TextIOWrapper name='<stdin>' mode='r' encoding='UTF-8'>
# stdlog                                  : <_io.TextIOWrapper name='gatnormed_Ac_3dpf_Peak_AllAnnot_allIDR_ChrBgd.tsv.log' mode='a' encoding='UTF-8'>
# stdout                                  : <_io.TextIOWrapper name='<stdout>' mode='w' encoding='UTF-8'>
# timeit_file                             : None
# timeit_header                           : None
# timeit_name                             : all
# truncate_segments_to_workspace          : False
# truncate_workspace_to_annotations       : False
# workspace_files                         : ['Astatotilapia_calliptera.fAstCal1.2.dna.primary_assembly.allLG.and.nonchromosomal.fa.chrom.sizes']
2025-06-15 00:43:33,774 DEBUG sizes: pos=4 segment=8, max_coord=4294967296
2025-06-15 00:43:33,776 INFO segments: reading tracks from 1 files
2025-06-15 00:43:35,529 INFO segments: read 1 tracks from 1 files
2025-06-15 00:43:35,567 INFO annotations: reading tracks from 1 files
2025-06-15 00:43:37,196 INFO annotations: read 8 tracks from 1 files
2025-06-15 00:43:37,224 INFO workspaces: reading tracks from 1 files
2025-06-15 00:43:37,228 INFO workspaces: read 1 tracks from 1 files
2025-06-15 00:43:37,229 INFO collapsing workspaces
2025-06-15 00:43:37,242 INFO intervals loaded in 3 seconds
2025-06-15 00:43:37,254 INFO collecting observed counts
2025-06-15 00:43:37,285 INFO starting sampling
2025-06-15 00:43:37,285 INFO sampling: merged: 1/1
2025-06-15 00:43:37,285 INFO performing unconditional sampling
2025-06-15 00:43:37,337 INFO workspace without conditioning: 248 segments, 880428986 nucleotides
2025-06-15 00:43:37,337 INFO workspace after conditioning: 248 segments, 880428986 nucleotides
2025-06-15 00:43:37,338 INFO sampling started
2025-06-15 00:43:37,338 DEBUG sampling will work on 1000 items
2025-06-15 00:43:39,362 INFO 0/1000 done ( 0.00)
2025-06-15 00:51:10,276 INFO 100/1000 done (10.00)
2025-06-15 00:58:41,324 INFO 200/1000 done (20.00)
2025-06-15 01:06:48,257 INFO 300/1000 done (30.00)
2025-06-15 01:15:30,203 INFO 400/1000 done (40.00)
2025-06-15 01:24:13,793 INFO 500/1000 done (50.00)
2025-06-15 01:32:55,240 INFO 600/1000 done (60.00)
2025-06-15 01:41:40,961 INFO 700/1000 done (70.00)
2025-06-15 01:50:09,285 INFO 800/1000 done (80.00)
2025-06-15 01:58:42,487 INFO 900/1000 done (90.00)
2025-06-15 02:07:11,927 INFO sampling completed
2025-06-15 02:07:12,022 INFO sampling finished
2025-06-15 02:07:12,022 INFO computing PValue statistics
2025-06-15 02:07:12,296 INFO updating pvalues to norm
2025-06-15 02:07:12,332 INFO computing FDR statistics
# job finished in 5018 seconds at Sun Jun 15 02:07:12 2025 -- 5017.27  2.13  0.00  0.00 -- 3d97420d-0ae5-4cb2-8312-ef1fcaa2cb6e
# output generated by /home/midhukrishna/miniconda3/envs/gat_env/bin/gat-run.py --verbose=5 --log=gatnormed_Ac_3dpf_Peak_AllAnnot_allIDR_ChrBgd.tsv.log --segments=Ac_3dpf_ATAC_peaks.collated.allIDR.narrowPeak --annotations=Astatotilapia_calliptera.fAstCal1.2.annot.basic.bed --workspace=Astatotilapia_calliptera.fAstCal1.2.dna.primary_assembly.allLG.and.nonchromosomal.fa.chrom.sizes --counter=segment-overlap --ignore-segment-tracks --qvalue-method=BH --pvalue-method=norm
# job started at Sun Jun 15 02:32:31 2025 on Midhukrishna -- af224b90-4d85-497d-9359-ad2a29410863
# pid: 2581, system: Linux 5.15.167.4-microsoft-standard-WSL2 #1 SMP Tue Nov 5 00:21:55 UTC 2024 x86_64
# annotation_files                        : ['Astatotilapia_calliptera.fAstCal1.2.annot.basic.bed']
# annotations_label                       : None
# annotations_to_points                   : None
# bucket_size                             : 0
# cache                                   : None
# conditional                             : unconditional
# conditional_expansion                   : None
# conditional_extension                   : None
# counters                                : ['segment-overlap']
# enable_split_tracks                     : False
# ignore_segment_tracks                   : True
# input_filename_counts                   : None
# input_filename_descriptions             : None
# input_filename_results                  : None
# isochore_files                          : None
# loglevel                                : 5
# nbuckets                                : 100000
# null                                    : default
# num_samples                             : 1000
# num_threads                             : 0
# output_bed                              : []
# output_counts_pattern                   : None
# output_filename_pattern                 : %s
# output_force                            : False
# output_order                            : fold
# output_plots_pattern                    : None
# output_samples_pattern                  : None
# output_stats                            : []
# output_tables_pattern                   : %s.tsv.gz
# overlapping_annotations                 : False
# pseudo_count                            : 1.0
# pvalue_method                           : norm
# qvalue_lambda                           : None
# qvalue_method                           : BH
# qvalue_pi0_method                       : smoother
# random_seed                             : None
# restrict_workspace                      : False
# sample_files                            : []
# sampler                                 : annotator
# segment_files                           : ['Ac_3dpf_ATAC_peaks.collated.allIDR.narrowPeak']
# shift_expansion                         : 2.0
# shift_extension                         : 0
# short_help                              : None
# stderr                                  : <_io.TextIOWrapper name='<stderr>' mode='w' encoding='UTF-8'>
# stdin                                   : <_io.TextIOWrapper name='<stdin>' mode='r' encoding='UTF-8'>
# stdlog                                  : <_io.TextIOWrapper name='gatnormed_Ac_3dpf_Peak_AllAnnot_allIDR_ChrBgd.tsv.log' mode='a' encoding='UTF-8'>
# stdout                                  : <_io.TextIOWrapper name='<stdout>' mode='w' encoding='UTF-8'>
# timeit_file                             : None
# timeit_header                           : None
# timeit_name                             : all
# truncate_segments_to_workspace          : False
# truncate_workspace_to_annotations       : False
# workspace_files                         : ['Astatotilapia_calliptera.fAstCal1.2.dna.primary_assembly.allLG.and.nonchromosomal.fa.chrom.sizes']
2025-06-15 02:32:31,854 DEBUG sizes: pos=4 segment=8, max_coord=4294967296
2025-06-15 02:32:31,854 INFO segments: reading tracks from 1 files
2025-06-15 02:32:33,671 INFO segments: read 1 tracks from 1 files
2025-06-15 02:32:33,709 INFO annotations: reading tracks from 1 files
2025-06-15 02:32:35,352 INFO annotations: read 8 tracks from 1 files
2025-06-15 02:32:35,380 INFO workspaces: reading tracks from 1 files
2025-06-15 02:32:35,384 INFO workspaces: read 1 tracks from 1 files
2025-06-15 02:32:35,384 INFO collapsing workspaces
2025-06-15 02:32:35,385 INFO intervals loaded in 3 seconds
2025-06-15 02:32:35,396 INFO collecting observed counts
2025-06-15 02:32:35,425 INFO starting sampling
2025-06-15 02:32:35,425 INFO sampling: merged: 1/1
2025-06-15 02:32:35,425 INFO performing unconditional sampling
2025-06-15 02:32:35,477 INFO workspace without conditioning: 248 segments, 880428986 nucleotides
2025-06-15 02:32:35,478 INFO workspace after conditioning: 248 segments, 880428986 nucleotides
2025-06-15 02:32:35,479 INFO sampling started
2025-06-15 02:32:35,479 DEBUG sampling will work on 1000 items
2025-06-15 02:32:40,109 INFO 0/1000 done ( 0.00)
2025-06-15 02:40:38,184 INFO 100/1000 done (10.00)
2025-06-15 02:48:27,080 INFO 200/1000 done (20.00)
2025-06-15 02:56:13,596 INFO 300/1000 done (30.00)
2025-06-15 03:04:07,151 INFO 400/1000 done (40.00)
2025-06-15 03:11:47,308 INFO 500/1000 done (50.00)
2025-06-15 03:19:33,441 INFO 600/1000 done (60.00)
2025-06-15 03:27:22,629 INFO 700/1000 done (70.00)
2025-06-15 03:35:12,534 INFO 800/1000 done (80.00)
2025-06-15 03:43:25,552 INFO 900/1000 done (90.00)
2025-06-15 03:51:10,552 INFO sampling completed
2025-06-15 03:51:10,272 INFO sampling finished
2025-06-15 03:51:10,273 INFO computing PValue statistics
2025-06-15 03:51:10,669 INFO updating pvalues to norm
2025-06-15 03:51:10,718 INFO computing FDR statistics
# job finished in 4718 seconds at Sun Jun 15 03:51:10 2025 -- 4718.36  0.96  0.00  0.00 -- af224b90-4d85-497d-9359-ad2a29410863
