# output generated by /home/midhukrishna/miniconda3/envs/gat_env/bin/gat-run.py --verbose=5 --log=gatnormed_Ac_7dpf_Peak_AllAnnot_allIDR_ChrBgd.tsv.log --segments=Ac_7dpf_ATAC_peaks.collated.allIDR.narrowPeak --annotations=Astatotilapia_calliptera.fAstCal1.2.annot.basic.bed --workspace=Astatotilapia_calliptera.fAstCal1.2.dna.primary_assembly.allLG.and.nonchromosomal.fa.chrom.sizes --counter=segment-overlap --ignore-segment-tracks --qvalue-method=BH --pvalue-method=norm
# job started at Sun Jun 15 02:07:14 2025 on Midhukrishna -- aacb32dd-91eb-4d94-8279-34ded441162e
# pid: 2438, system: Linux 5.15.167.4-microsoft-standard-WSL2 #1 SMP Tue Nov 5 00:21:55 UTC 2024 x86_64
# annotation_files                        : ['Astatotilapia_calliptera.fAstCal1.2.annot.basic.bed']
# annotations_label                       : None
# annotations_to_points                   : None
# bucket_size                             : 0
# cache                                   : None
# conditional                             : unconditional
# conditional_expansion                   : None
# conditional_extension                   : None
# counters                                : ['segment-overlap']
# enable_split_tracks                     : False
# ignore_segment_tracks                   : True
# input_filename_counts                   : None
# input_filename_descriptions             : None
# input_filename_results                  : None
# isochore_files                          : None
# loglevel                                : 5
# nbuckets                                : 100000
# null                                    : default
# num_samples                             : 1000
# num_threads                             : 0
# output_bed                              : []
# output_counts_pattern                   : None
# output_filename_pattern                 : %s
# output_force                            : False
# output_order                            : fold
# output_plots_pattern                    : None
# output_samples_pattern                  : None
# output_stats                            : []
# output_tables_pattern                   : %s.tsv.gz
# overlapping_annotations                 : False
# pseudo_count                            : 1.0
# pvalue_method                           : norm
# qvalue_lambda                           : None
# qvalue_method                           : BH
# qvalue_pi0_method                       : smoother
# random_seed                             : None
# restrict_workspace                      : False
# sample_files                            : []
# sampler                                 : annotator
# segment_files                           : ['Ac_7dpf_ATAC_peaks.collated.allIDR.narrowPeak']
# shift_expansion                         : 2.0
# shift_extension                         : 0
# short_help                              : None
# stderr                                  : <_io.TextIOWrapper name='<stderr>' mode='w' encoding='UTF-8'>
# stdin                                   : <_io.TextIOWrapper name='<stdin>' mode='r' encoding='UTF-8'>
# stdlog                                  : <_io.TextIOWrapper name='gatnormed_Ac_7dpf_Peak_AllAnnot_allIDR_ChrBgd.tsv.log' mode='a' encoding='UTF-8'>
# stdout                                  : <_io.TextIOWrapper name='<stdout>' mode='w' encoding='UTF-8'>
# timeit_file                             : None
# timeit_header                           : None
# timeit_name                             : all
# truncate_segments_to_workspace          : False
# truncate_workspace_to_annotations       : False
# workspace_files                         : ['Astatotilapia_calliptera.fAstCal1.2.dna.primary_assembly.allLG.and.nonchromosomal.fa.chrom.sizes']
2025-06-15 02:07:14,375 DEBUG sizes: pos=4 segment=8, max_coord=4294967296
2025-06-15 02:07:14,375 INFO segments: reading tracks from 1 files
2025-06-15 02:07:16,322 INFO segments: read 1 tracks from 1 files
2025-06-15 02:07:16,354 INFO annotations: reading tracks from 1 files
2025-06-15 02:07:18,339 INFO annotations: read 8 tracks from 1 files
2025-06-15 02:07:18,367 INFO workspaces: reading tracks from 1 files
2025-06-15 02:07:18,372 INFO workspaces: read 1 tracks from 1 files
2025-06-15 02:07:18,373 INFO collapsing workspaces
2025-06-15 02:07:18,374 INFO intervals loaded in 3 seconds
2025-06-15 02:07:18,384 INFO collecting observed counts
2025-06-15 02:07:18,402 INFO starting sampling
2025-06-15 02:07:18,402 INFO sampling: merged: 1/1
2025-06-15 02:07:18,402 INFO performing unconditional sampling
2025-06-15 02:07:18,454 INFO workspace without conditioning: 248 segments, 880428986 nucleotides
2025-06-15 02:07:18,455 INFO workspace after conditioning: 248 segments, 880428986 nucleotides
2025-06-15 02:07:18,456 INFO sampling started
2025-06-15 02:07:18,456 DEBUG sampling will work on 1000 items
2025-06-15 02:07:20,632 INFO 0/1000 done ( 0.00)
2025-06-15 02:10:52,473 INFO 100/1000 done (10.00)
2025-06-15 02:31:43,194 INFO 200/1000 done (20.00)
# output generated by /home/midhukrishna/miniconda3/envs/gat_env/bin/gat-run.py --verbose=5 --log=gatnormed_Ac_7dpf_Peak_AllAnnot_allIDR_ChrBgd.tsv.log --segments=Ac_7dpf_ATAC_peaks.collated.allIDR.narrowPeak --annotations=Astatotilapia_calliptera.fAstCal1.2.annot.basic.bed --workspace=Astatotilapia_calliptera.fAstCal1.2.dna.primary_assembly.allLG.and.nonchromosomal.fa.chrom.sizes --counter=segment-overlap --ignore-segment-tracks --qvalue-method=BH --pvalue-method=norm
# job started at Sun Jun 15 03:51:13 2025 on Midhukrishna -- bbce9763-8bff-48a0-9e44-13dfe69a245b
# pid: 4555, system: Linux 5.15.167.4-microsoft-standard-WSL2 #1 SMP Tue Nov 5 00:21:55 UTC 2024 x86_64
# annotation_files                        : ['Astatotilapia_calliptera.fAstCal1.2.annot.basic.bed']
# annotations_label                       : None
# annotations_to_points                   : None
# bucket_size                             : 0
# cache                                   : None
# conditional                             : unconditional
# conditional_expansion                   : None
# conditional_extension                   : None
# counters                                : ['segment-overlap']
# enable_split_tracks                     : False
# ignore_segment_tracks                   : True
# input_filename_counts                   : None
# input_filename_descriptions             : None
# input_filename_results                  : None
# isochore_files                          : None
# loglevel                                : 5
# nbuckets                                : 100000
# null                                    : default
# num_samples                             : 1000
# num_threads                             : 0
# output_bed                              : []
# output_counts_pattern                   : None
# output_filename_pattern                 : %s
# output_force                            : False
# output_order                            : fold
# output_plots_pattern                    : None
# output_samples_pattern                  : None
# output_stats                            : []
# output_tables_pattern                   : %s.tsv.gz
# overlapping_annotations                 : False
# pseudo_count                            : 1.0
# pvalue_method                           : norm
# qvalue_lambda                           : None
# qvalue_method                           : BH
# qvalue_pi0_method                       : smoother
# random_seed                             : None
# restrict_workspace                      : False
# sample_files                            : []
# sampler                                 : annotator
# segment_files                           : ['Ac_7dpf_ATAC_peaks.collated.allIDR.narrowPeak']
# shift_expansion                         : 2.0
# shift_extension                         : 0
# short_help                              : None
# stderr                                  : <_io.TextIOWrapper name='<stderr>' mode='w' encoding='UTF-8'>
# stdin                                   : <_io.TextIOWrapper name='<stdin>' mode='r' encoding='UTF-8'>
# stdlog                                  : <_io.TextIOWrapper name='gatnormed_Ac_7dpf_Peak_AllAnnot_allIDR_ChrBgd.tsv.log' mode='a' encoding='UTF-8'>
# stdout                                  : <_io.TextIOWrapper name='<stdout>' mode='w' encoding='UTF-8'>
# timeit_file                             : None
# timeit_header                           : None
# timeit_name                             : all
# truncate_segments_to_workspace          : False
# truncate_workspace_to_annotations       : False
# workspace_files                         : ['Astatotilapia_calliptera.fAstCal1.2.dna.primary_assembly.allLG.and.nonchromosomal.fa.chrom.sizes']
2025-06-15 03:51:13,275 DEBUG sizes: pos=4 segment=8, max_coord=4294967296
2025-06-15 03:51:13,276 INFO segments: reading tracks from 1 files
2025-06-15 03:51:15,555 INFO segments: read 1 tracks from 1 files
2025-06-15 03:51:15,587 INFO annotations: reading tracks from 1 files
2025-06-15 03:51:17,308 INFO annotations: read 8 tracks from 1 files
2025-06-15 03:51:17,336 INFO workspaces: reading tracks from 1 files
2025-06-15 03:51:17,345 INFO workspaces: read 1 tracks from 1 files
2025-06-15 03:51:17,345 INFO collapsing workspaces
2025-06-15 03:51:17,346 INFO intervals loaded in 4 seconds
2025-06-15 03:51:17,356 INFO collecting observed counts
2025-06-15 03:51:17,374 INFO starting sampling
2025-06-15 03:51:17,375 INFO sampling: merged: 1/1
2025-06-15 03:51:17,375 INFO performing unconditional sampling
2025-06-15 03:51:17,431 INFO workspace without conditioning: 248 segments, 880428986 nucleotides
2025-06-15 03:51:17,432 INFO workspace after conditioning: 248 segments, 880428986 nucleotides
2025-06-15 03:51:17,433 INFO sampling started
2025-06-15 03:51:17,433 DEBUG sampling will work on 1000 items
2025-06-15 03:51:19,603 INFO 0/1000 done ( 0.00)
2025-06-15 03:54:35,857 INFO 100/1000 done (10.00)
2025-06-15 03:57:51,234 INFO 200/1000 done (20.00)
2025-06-15 04:01:12,422 INFO 300/1000 done (30.00)
2025-06-15 04:04:36,698 INFO 400/1000 done (40.00)
2025-06-15 04:07:57,138 INFO 500/1000 done (50.00)
2025-06-15 04:11:12,407 INFO 600/1000 done (60.00)
2025-06-15 04:14:23,407 INFO 700/1000 done (70.00)
2025-06-15 04:17:35,230 INFO 800/1000 done (80.00)
2025-06-15 04:20:47,048 INFO 900/1000 done (90.00)
2025-06-15 04:23:57,026 INFO sampling completed
2025-06-15 04:23:57,032 INFO sampling finished
2025-06-15 04:23:57,033 INFO computing PValue statistics
2025-06-15 04:23:57,101 INFO updating pvalues to norm
2025-06-15 04:23:57,106 INFO computing FDR statistics
# job finished in 1963 seconds at Sun Jun 15 04:23:57 2025 -- 1963.38  1.90  0.00  0.00 -- bbce9763-8bff-48a0-9e44-13dfe69a245b
