# output generated by /home/midhukrishna/miniconda3/envs/gat_env/bin/gat-run.py --verbose=5 --log=gatnormed_Ac_12dpf_Peak_AllAnnot_allIDR_ChrBgd.tsv.log --segments=Ac_12dpf_ATAC_peaks.collated.allIDR.narrowPeak --annotations=Astatotilapia_calliptera.fAstCal1.2.annot.basic.bed --workspace=Astatotilapia_calliptera.fAstCal1.2.dna.primary_assembly.allLG.and.nonchromosomal.fa.chrom.sizes --counter=segment-overlap --ignore-segment-tracks --qvalue-method=BH --pvalue-method=norm
# job started at Sun Jun 15 02:31:46 2025 on Midhukrishna -- 16f9762a-52b4-4c7f-8946-183040a3615e
# pid: 2545, system: Linux 5.15.167.4-microsoft-standard-WSL2 #1 SMP Tue Nov 5 00:21:55 UTC 2024 x86_64
# annotation_files                        : ['Astatotilapia_calliptera.fAstCal1.2.annot.basic.bed']
# annotations_label                       : None
# annotations_to_points                   : None
# bucket_size                             : 0
# cache                                   : None
# conditional                             : unconditional
# conditional_expansion                   : None
# conditional_extension                   : None
# counters                                : ['segment-overlap']
# enable_split_tracks                     : False
# ignore_segment_tracks                   : True
# input_filename_counts                   : None
# input_filename_descriptions             : None
# input_filename_results                  : None
# isochore_files                          : None
# loglevel                                : 5
# nbuckets                                : 100000
# null                                    : default
# num_samples                             : 1000
# num_threads                             : 0
# output_bed                              : []
# output_counts_pattern                   : None
# output_filename_pattern                 : %s
# output_force                            : False
# output_order                            : fold
# output_plots_pattern                    : None
# output_samples_pattern                  : None
# output_stats                            : []
# output_tables_pattern                   : %s.tsv.gz
# overlapping_annotations                 : False
# pseudo_count                            : 1.0
# pvalue_method                           : norm
# qvalue_lambda                           : None
# qvalue_method                           : BH
# qvalue_pi0_method                       : smoother
# random_seed                             : None
# restrict_workspace                      : False
# sample_files                            : []
# sampler                                 : annotator
# segment_files                           : ['Ac_12dpf_ATAC_peaks.collated.allIDR.narrowPeak']
# shift_expansion                         : 2.0
# shift_extension                         : 0
# short_help                              : None
# stderr                                  : <_io.TextIOWrapper name='<stderr>' mode='w' encoding='UTF-8'>
# stdin                                   : <_io.TextIOWrapper name='<stdin>' mode='r' encoding='UTF-8'>
# stdlog                                  : <_io.TextIOWrapper name='gatnormed_Ac_12dpf_Peak_AllAnnot_allIDR_ChrBgd.tsv.log' mode='a' encoding='UTF-8'>
# stdout                                  : <_io.TextIOWrapper name='<stdout>' mode='w' encoding='UTF-8'>
# timeit_file                             : None
# timeit_header                           : None
# timeit_name                             : all
# truncate_segments_to_workspace          : False
# truncate_workspace_to_annotations       : False
# workspace_files                         : ['Astatotilapia_calliptera.fAstCal1.2.dna.primary_assembly.allLG.and.nonchromosomal.fa.chrom.sizes']
2025-06-15 02:31:46,246 DEBUG sizes: pos=4 segment=8, max_coord=4294967296
2025-06-15 02:31:46,259 INFO segments: reading tracks from 1 files
2025-06-15 02:31:48,143 INFO segments: read 1 tracks from 1 files
2025-06-15 02:31:48,184 INFO annotations: reading tracks from 1 files
# output generated by /home/midhukrishna/miniconda3/envs/gat_env/bin/gat-run.py --verbose=5 --log=gatnormed_Ac_12dpf_Peak_AllAnnot_allIDR_ChrBgd.tsv.log --segments=Ac_12dpf_ATAC_peaks.collated.allIDR.narrowPeak --annotations=Astatotilapia_calliptera.fAstCal1.2.annot.basic.bed --workspace=Astatotilapia_calliptera.fAstCal1.2.dna.primary_assembly.allLG.and.nonchromosomal.fa.chrom.sizes --counter=segment-overlap --ignore-segment-tracks --qvalue-method=BH --pvalue-method=norm
# job started at Sun Jun 15 04:23:58 2025 on Midhukrishna -- 4d710bbc-6627-4170-a1f1-3b4d9b79ea49
# pid: 5335, system: Linux 5.15.167.4-microsoft-standard-WSL2 #1 SMP Tue Nov 5 00:21:55 UTC 2024 x86_64
# annotation_files                        : ['Astatotilapia_calliptera.fAstCal1.2.annot.basic.bed']
# annotations_label                       : None
# annotations_to_points                   : None
# bucket_size                             : 0
# cache                                   : None
# conditional                             : unconditional
# conditional_expansion                   : None
# conditional_extension                   : None
# counters                                : ['segment-overlap']
# enable_split_tracks                     : False
# ignore_segment_tracks                   : True
# input_filename_counts                   : None
# input_filename_descriptions             : None
# input_filename_results                  : None
# isochore_files                          : None
# loglevel                                : 5
# nbuckets                                : 100000
# null                                    : default
# num_samples                             : 1000
# num_threads                             : 0
# output_bed                              : []
# output_counts_pattern                   : None
# output_filename_pattern                 : %s
# output_force                            : False
# output_order                            : fold
# output_plots_pattern                    : None
# output_samples_pattern                  : None
# output_stats                            : []
# output_tables_pattern                   : %s.tsv.gz
# overlapping_annotations                 : False
# pseudo_count                            : 1.0
# pvalue_method                           : norm
# qvalue_lambda                           : None
# qvalue_method                           : BH
# qvalue_pi0_method                       : smoother
# random_seed                             : None
# restrict_workspace                      : False
# sample_files                            : []
# sampler                                 : annotator
# segment_files                           : ['Ac_12dpf_ATAC_peaks.collated.allIDR.narrowPeak']
# shift_expansion                         : 2.0
# shift_extension                         : 0
# short_help                              : None
# stderr                                  : <_io.TextIOWrapper name='<stderr>' mode='w' encoding='UTF-8'>
# stdin                                   : <_io.TextIOWrapper name='<stdin>' mode='r' encoding='UTF-8'>
# stdlog                                  : <_io.TextIOWrapper name='gatnormed_Ac_12dpf_Peak_AllAnnot_allIDR_ChrBgd.tsv.log' mode='a' encoding='UTF-8'>
# stdout                                  : <_io.TextIOWrapper name='<stdout>' mode='w' encoding='UTF-8'>
# timeit_file                             : None
# timeit_header                           : None
# timeit_name                             : all
# truncate_segments_to_workspace          : False
# truncate_workspace_to_annotations       : False
# workspace_files                         : ['Astatotilapia_calliptera.fAstCal1.2.dna.primary_assembly.allLG.and.nonchromosomal.fa.chrom.sizes']
2025-06-15 04:23:58,106 DEBUG sizes: pos=4 segment=8, max_coord=4294967296
2025-06-15 04:23:58,107 INFO segments: reading tracks from 1 files
2025-06-15 04:23:59,992 INFO segments: read 1 tracks from 1 files
2025-06-15 04:24:00,030 INFO annotations: reading tracks from 1 files
2025-06-15 04:24:01,841 INFO annotations: read 8 tracks from 1 files
2025-06-15 04:24:01,869 INFO workspaces: reading tracks from 1 files
2025-06-15 04:24:01,873 INFO workspaces: read 1 tracks from 1 files
2025-06-15 04:24:01,874 INFO collapsing workspaces
2025-06-15 04:24:01,874 INFO intervals loaded in 3 seconds
2025-06-15 04:24:01,884 INFO collecting observed counts
2025-06-15 04:24:01,908 INFO starting sampling
2025-06-15 04:24:01,908 INFO sampling: merged: 1/1
2025-06-15 04:24:01,908 INFO performing unconditional sampling
2025-06-15 04:24:01,961 INFO workspace without conditioning: 248 segments, 880428986 nucleotides
2025-06-15 04:24:01,961 INFO workspace after conditioning: 248 segments, 880428986 nucleotides
2025-06-15 04:24:01,975 INFO sampling started
2025-06-15 04:24:01,975 DEBUG sampling will work on 1000 items
2025-06-15 04:24:05,175 INFO 0/1000 done ( 0.00)
2025-06-15 04:29:38,075 INFO 100/1000 done (10.00)
2025-06-15 04:35:10,827 INFO 200/1000 done (20.00)
2025-06-15 04:40:45,001 INFO 300/1000 done (30.00)
2025-06-15 04:46:17,100 INFO 400/1000 done (40.00)
2025-06-15 04:51:51,137 INFO 500/1000 done (50.00)
2025-06-15 04:57:23,840 INFO 600/1000 done (60.00)
2025-06-15 05:02:55,989 INFO 700/1000 done (70.00)
2025-06-15 05:08:28,454 INFO 800/1000 done (80.00)
2025-06-15 05:14:00,581 INFO 900/1000 done (90.00)
2025-06-15 05:19:28,154 INFO sampling completed
2025-06-15 05:19:28,160 INFO sampling finished
2025-06-15 05:19:28,160 INFO computing PValue statistics
2025-06-15 05:19:28,238 INFO updating pvalues to norm
2025-06-15 05:19:28,241 INFO computing FDR statistics
# job finished in 3330 seconds at Sun Jun 15 05:19:28 2025 -- 3329.43  1.50  0.00  0.00 -- 4d710bbc-6627-4170-a1f1-3b4d9b79ea49
